<?xml version="1.0" encoding="UTF-8"?>
<!-- Generated by org.testng.reporters.JUnitReportReporter -->
<testsuite hostname="DESKTOP-6LB8055" failures="0" tests="1" name="com.healthcare.LaunchHealthCareSite" time="9.539" errors="0" timestamp="2023-01-04T23:49:29 IST" skipped="0">
  <testcase classname="com.healthcare.LaunchHealthCareSite" name="openBrowser" time="9.539"/>
  <system-out/>
</testsuite> <!-- com.healthcare.LaunchHealthCareSite -->
