<?xml version="1.0" encoding="UTF-8"?>
<!-- Generated by org.testng.reporters.JUnitReportReporter -->
<testsuite hostname="DESKTOP-6LB8055" failures="0" tests="3" name="com.testrunner.TestRunner" time="71.783" errors="0" timestamp="2023-01-08T12:32:34 IST" skipped="0">
  <testcase classname="com.testrunner.TestRunner" name="PlaceOrderByUser" time="26.068"/>
  <system-out/>
  <testcase classname="com.testrunner.TestRunner" name="SignUpNewSupplierMethod" time="19.958"/>
  <system-out/>
  <testcase classname="com.testrunner.TestRunner" name="SignUpNewUsermethod" time="25.757"/>
  <system-out/>
</testsuite> <!-- com.testrunner.TestRunner -->
